<?xml version="1.0" encoding="UTF-8"?>
<!-- Generated by org.testng.reporters.JUnitReportReporter -->
<testsuite hostname="idc212" failures="0" tests="1" name="com.ParallelTesting.RepeatedTest" time="0.019" errors="0" timestamp="2024-12-05T19:42:43 IST" skipped="0">
  <testcase classname="com.ParallelTesting.RepeatedTest" name="repeatTest" time="0.019"/>
</testsuite> <!-- com.ParallelTesting.RepeatedTest -->
