<?xml version="1.0" encoding="UTF-8"?>
<!-- Generated by org.testng.reporters.JUnitReportReporter -->
<testsuite hostname="idc212" failures="0" tests="1" name="pom.testcases.ladbs.StaticWebTable" time="11.407" errors="0" timestamp="2024-11-25T12:24:56 IST" skipped="0">
  <testcase classname="pom.testcases.ladbs.StaticWebTable" name="testElectricalPermit" time="11.407"/>
</testsuite> <!-- pom.testcases.ladbs.StaticWebTable -->
