<?xml version="1.0" encoding="UTF-8"?>
<!-- Generated by org.testng.reporters.JUnitReportReporter -->
<testsuite hostname="idc212" failures="0" tests="1" name="pom.testcases.ladbs.Datetimepicker" time="10.540" errors="0" timestamp="2024-12-02T13:04:55 IST" skipped="0">
  <testcase classname="pom.testcases.ladbs.Datetimepicker" name="DatetimepickerDemo" time="10.540"/>
</testsuite> <!-- pom.testcases.ladbs.Datetimepicker -->
