<?xml version="1.0" encoding="UTF-8"?>
<!-- Generated by org.testng.reporters.JUnitReportReporter -->
<testsuite hostname="idc212" failures="0" tests="1" name="com.ParallelTesting.ParallelTesting" time="12.801" errors="0" timestamp="2024-12-05T19:38:01 IST" skipped="0">
  <testcase classname="com.ParallelTesting.ParallelTesting" name="testElectricalPermit" time="12.801"/>
</testsuite> <!-- com.ParallelTesting.ParallelTesting -->
