<?xml version="1.0" encoding="UTF-8"?>
<!-- Generated by org.testng.reporters.JUnitReportReporter -->
<testsuite hostname="idc212" failures="0" tests="1" name="pom.testcases.ladbs.FormData" time="11.296" errors="0" timestamp="2024-12-03T12:40:32 IST" skipped="0">
  <testcase classname="pom.testcases.ladbs.FormData" name="DatetimepickerDemo" time="11.296"/>
</testsuite> <!-- pom.testcases.ladbs.FormData -->
